{"/home/hoang/workspace/hxio/globalping-ui/src/lib/server/alerts.ts": {"path":"/home/hoang/workspace/hxio/globalping-ui/src/lib/server/alerts.ts","statementMap":{"0":{"start":{"line":6,"column":33},"end":{"line":6,"column":null}},"1":{"start":{"line":7,"column":46},"end":{"line":7,"column":null}},"2":{"start":{"line":8,"column":36},"end":{"line":8,"column":null}},"3":{"start":{"line":22,"column":1},"end":{"line":24,"column":null}},"4":{"start":{"line":23,"column":2},"end":{"line":23,"column":null}},"5":{"start":{"line":26,"column":22},"end":{"line":26,"column":null}},"6":{"start":{"line":27,"column":28},"end":{"line":27,"column":null}},"7":{"start":{"line":29,"column":1},"end":{"line":34,"column":null}},"8":{"start":{"line":30,"column":2},"end":{"line":30,"column":null}},"9":{"start":{"line":31,"column":1},"end":{"line":34,"column":null}},"10":{"start":{"line":32,"column":2},"end":{"line":32,"column":null}},"11":{"start":{"line":33,"column":2},"end":{"line":33,"column":null}},"12":{"start":{"line":43,"column":29},"end":{"line":43,"column":null}},"13":{"start":{"line":45,"column":1},"end":{"line":53,"column":null}},"14":{"start":{"line":46,"column":29},"end":{"line":46,"column":null}},"15":{"start":{"line":46,"column":58},"end":{"line":46,"column":79}},"16":{"start":{"line":48,"column":2},"end":{"line":52,"column":null}},"17":{"start":{"line":49,"column":19},"end":{"line":49,"column":null}},"18":{"start":{"line":51,"column":3},"end":{"line":51,"column":null}},"19":{"start":{"line":62,"column":29},"end":{"line":62,"column":null}},"20":{"start":{"line":64,"column":1},"end":{"line":78,"column":null}},"21":{"start":{"line":65,"column":18},"end":{"line":67,"column":null}},"22":{"start":{"line":67,"column":17},"end":{"line":67,"column":38}},"23":{"start":{"line":69,"column":2},"end":{"line":77,"column":null}},"24":{"start":{"line":70,"column":28},"end":{"line":70,"column":null}},"25":{"start":{"line":70,"column":57},"end":{"line":70,"column":76}},"26":{"start":{"line":72,"column":3},"end":{"line":76,"column":null}},"27":{"start":{"line":73,"column":20},"end":{"line":73,"column":null}},"28":{"start":{"line":75,"column":4},"end":{"line":75,"column":null}},"29":{"start":{"line":86,"column":1},"end":{"line":94,"column":null}},"30":{"start":{"line":87,"column":32},"end":{"line":87,"column":null}},"31":{"start":{"line":87,"column":61},"end":{"line":87,"column":91}},"32":{"start":{"line":89,"column":2},"end":{"line":93,"column":null}},"33":{"start":{"line":90,"column":19},"end":{"line":90,"column":null}},"34":{"start":{"line":92,"column":3},"end":{"line":92,"column":null}},"35":{"start":{"line":103,"column":25},"end":{"line":108,"column":null}},"36":{"start":{"line":110,"column":24},"end":{"line":110,"column":null}},"37":{"start":{"line":112,"column":1},"end":{"line":114,"column":null}},"38":{"start":{"line":113,"column":2},"end":{"line":113,"column":null}},"39":{"start":{"line":116,"column":1},"end":{"line":116,"column":null}},"40":{"start":{"line":124,"column":15},"end":{"line":124,"column":null}},"41":{"start":{"line":125,"column":15},"end":{"line":125,"column":null}},"42":{"start":{"line":127,"column":33},"end":{"line":136,"column":null}},"43":{"start":{"line":138,"column":1},"end":{"line":152,"column":null}},"44":{"start":{"line":139,"column":19},"end":{"line":145,"column":null}},"45":{"start":{"line":147,"column":2},"end":{"line":149,"column":null}},"46":{"start":{"line":148,"column":3},"end":{"line":148,"column":null}},"47":{"start":{"line":151,"column":2},"end":{"line":151,"column":null}},"48":{"start":{"line":156,"column":1},"end":{"line":158,"column":null}},"49":{"start":{"line":157,"column":2},"end":{"line":157,"column":null}},"50":{"start":{"line":160,"column":1},"end":{"line":160,"column":null}},"51":{"start":{"line":164,"column":1},"end":{"line":164,"column":null}},"52":{"start":{"line":168,"column":1},"end":{"line":168,"column":null}},"53":{"start":{"line":172,"column":20},"end":{"line":172,"column":null}},"54":{"start":{"line":174,"column":1},"end":{"line":178,"column":null}},"55":{"start":{"line":182,"column":1},"end":{"line":187,"column":null}},"56":{"start":{"line":191,"column":13},"end":{"line":191,"column":null}},"57":{"start":{"line":193,"column":1},"end":{"line":199,"column":null}},"58":{"start":{"line":194,"column":2},"end":{"line":198,"column":null}},"59":{"start":{"line":195,"column":3},"end":{"line":195,"column":null}},"60":{"start":{"line":197,"column":3},"end":{"line":197,"column":null}},"61":{"start":{"line":201,"column":1},"end":{"line":201,"column":null}},"62":{"start":{"line":205,"column":1},"end":{"line":216,"column":null}},"63":{"start":{"line":207,"column":3},"end":{"line":207,"column":null}},"64":{"start":{"line":209,"column":3},"end":{"line":209,"column":null}},"65":{"start":{"line":211,"column":3},"end":{"line":211,"column":null}},"66":{"start":{"line":213,"column":3},"end":{"line":213,"column":null}},"67":{"start":{"line":215,"column":3},"end":{"line":215,"column":null}}},"fnMap":{"0":{"name":"checkAndAlert","decl":{"start":{"line":21,"column":22},"end":{"line":21,"column":36}},"loc":{"start":{"line":21,"column":95},"end":{"line":35,"column":null}},"line":21},"1":{"name":"handleFailure","decl":{"start":{"line":37,"column":15},"end":{"line":37,"column":null}},"loc":{"start":{"line":42,"column":17},"end":{"line":54,"column":null}},"line":42},"2":{"name":"(anonymous_2)","decl":{"start":{"line":46,"column":47},"end":{"line":46,"column":48}},"loc":{"start":{"line":46,"column":58},"end":{"line":46,"column":79}},"line":46},"3":{"name":"handleSuccess","decl":{"start":{"line":56,"column":15},"end":{"line":56,"column":null}},"loc":{"start":{"line":61,"column":17},"end":{"line":79,"column":null}},"line":61},"4":{"name":"(anonymous_4)","decl":{"start":{"line":67,"column":10},"end":{"line":67,"column":11}},"loc":{"start":{"line":67,"column":17},"end":{"line":67,"column":38}},"line":67},"5":{"name":"(anonymous_5)","decl":{"start":{"line":70,"column":46},"end":{"line":70,"column":47}},"loc":{"start":{"line":70,"column":57},"end":{"line":70,"column":76}},"line":70},"6":{"name":"handleLatencySpike","decl":{"start":{"line":81,"column":15},"end":{"line":81,"column":null}},"loc":{"start":{"line":85,"column":17},"end":{"line":95,"column":null}},"line":85},"7":{"name":"(anonymous_7)","decl":{"start":{"line":87,"column":50},"end":{"line":87,"column":51}},"loc":{"start":{"line":87,"column":61},"end":{"line":87,"column":91}},"line":87},"8":{"name":"createAndSendAlert","decl":{"start":{"line":97,"column":15},"end":{"line":97,"column":null}},"loc":{"start":{"line":102,"column":17},"end":{"line":117,"column":null}},"line":102},"9":{"name":"sendDiscordAlert","decl":{"start":{"line":119,"column":22},"end":{"line":119,"column":null}},"loc":{"start":{"line":123,"column":17},"end":{"line":153,"column":null}},"line":123},"10":{"name":"getAlerts","decl":{"start":{"line":155,"column":22},"end":{"line":155,"column":32}},"loc":{"start":{"line":155,"column":70},"end":{"line":161,"column":null}},"line":155},"11":{"name":"getUnacknowledgedAlerts","decl":{"start":{"line":163,"column":22},"end":{"line":163,"column":66}},"loc":{"start":{"line":163,"column":66},"end":{"line":165,"column":null}},"line":163},"12":{"name":"acknowledgeAlert","decl":{"start":{"line":167,"column":22},"end":{"line":167,"column":39}},"loc":{"start":{"line":167,"column":71},"end":{"line":169,"column":null}},"line":167},"13":{"name":"getRecentAlerts","decl":{"start":{"line":171,"column":15},"end":{"line":171,"column":31}},"loc":{"start":{"line":171,"column":86},"end":{"line":179,"column":null}},"line":171},"14":{"name":"getRecentMeasurements","decl":{"start":{"line":181,"column":15},"end":{"line":181,"column":37}},"loc":{"start":{"line":181,"column":95},"end":{"line":188,"column":null}},"line":181},"15":{"name":"countConsecutiveFailures","decl":{"start":{"line":190,"column":16},"end":{"line":190,"column":41}},"loc":{"start":{"line":190,"column":78},"end":{"line":202,"column":null}},"line":190},"16":{"name":"getAlertEmoji","decl":{"start":{"line":204,"column":16},"end":{"line":204,"column":30}},"loc":{"start":{"line":204,"column":52},"end":{"line":217,"column":null}},"line":204}},"branchMap":{"0":{"loc":{"start":{"line":22,"column":1},"end":{"line":24,"column":null}},"type":"if","locations":[{"start":{"line":22,"column":1},"end":{"line":24,"column":null}},{"start":{},"end":{}}],"line":22},"1":{"loc":{"start":{"line":29,"column":1},"end":{"line":34,"column":null}},"type":"if","locations":[{"start":{"line":29,"column":1},"end":{"line":34,"column":null}},{"start":{"line":31,"column":1},"end":{"line":34,"column":null}}],"line":29},"2":{"loc":{"start":{"line":31,"column":1},"end":{"line":34,"column":null}},"type":"if","locations":[{"start":{"line":31,"column":1},"end":{"line":34,"column":null}},{"start":{},"end":{}}],"line":31},"3":{"loc":{"start":{"line":45,"column":1},"end":{"line":53,"column":null}},"type":"if","locations":[{"start":{"line":45,"column":1},"end":{"line":53,"column":null}},{"start":{},"end":{}}],"line":45},"4":{"loc":{"start":{"line":48,"column":2},"end":{"line":52,"column":null}},"type":"if","locations":[{"start":{"line":48,"column":2},"end":{"line":52,"column":null}},{"start":{},"end":{}}],"line":48},"5":{"loc":{"start":{"line":49,"column":120},"end":{"line":49,"column":163}},"type":"binary-expr","locations":[{"start":{"line":49,"column":120},"end":{"line":49,"column":148}},{"start":{"line":49,"column":148},"end":{"line":49,"column":163}}],"line":49},"6":{"loc":{"start":{"line":64,"column":1},"end":{"line":78,"column":null}},"type":"if","locations":[{"start":{"line":64,"column":1},"end":{"line":78,"column":null}},{"start":{},"end":{}}],"line":64},"7":{"loc":{"start":{"line":69,"column":2},"end":{"line":77,"column":null}},"type":"if","locations":[{"start":{"line":69,"column":2},"end":{"line":77,"column":null}},{"start":{},"end":{}}],"line":69},"8":{"loc":{"start":{"line":72,"column":3},"end":{"line":76,"column":null}},"type":"if","locations":[{"start":{"line":72,"column":3},"end":{"line":76,"column":null}},{"start":{},"end":{}}],"line":72},"9":{"loc":{"start":{"line":86,"column":1},"end":{"line":94,"column":null}},"type":"if","locations":[{"start":{"line":86,"column":1},"end":{"line":94,"column":null}},{"start":{},"end":{}}],"line":86},"10":{"loc":{"start":{"line":89,"column":2},"end":{"line":93,"column":null}},"type":"if","locations":[{"start":{"line":89,"column":2},"end":{"line":93,"column":null}},{"start":{},"end":{}}],"line":89},"11":{"loc":{"start":{"line":112,"column":1},"end":{"line":114,"column":null}},"type":"if","locations":[{"start":{"line":112,"column":1},"end":{"line":114,"column":null}},{"start":{},"end":{}}],"line":112},"12":{"loc":{"start":{"line":112,"column":5},"end":{"line":112,"column":45}},"type":"binary-expr","locations":[{"start":{"line":112,"column":5},"end":{"line":112,"column":31}},{"start":{"line":112,"column":31},"end":{"line":112,"column":45}}],"line":112},"13":{"loc":{"start":{"line":147,"column":2},"end":{"line":149,"column":null}},"type":"if","locations":[{"start":{"line":147,"column":2},"end":{"line":149,"column":null}},{"start":{},"end":{}}],"line":147},"14":{"loc":{"start":{"line":156,"column":1},"end":{"line":158,"column":null}},"type":"if","locations":[{"start":{"line":156,"column":1},"end":{"line":158,"column":null}},{"start":{},"end":{}}],"line":156},"15":{"loc":{"start":{"line":194,"column":2},"end":{"line":198,"column":null}},"type":"if","locations":[{"start":{"line":194,"column":2},"end":{"line":198,"column":null}},{"start":{"line":196,"column":9},"end":{"line":198,"column":null}}],"line":194},"16":{"loc":{"start":{"line":205,"column":1},"end":{"line":216,"column":null}},"type":"switch","locations":[{"start":{"line":206,"column":2},"end":{"line":207,"column":null}},{"start":{"line":208,"column":2},"end":{"line":209,"column":null}},{"start":{"line":210,"column":2},"end":{"line":211,"column":null}},{"start":{"line":212,"column":2},"end":{"line":213,"column":null}},{"start":{"line":214,"column":2},"end":{"line":215,"column":null}}],"line":205}},"s":{"0":3,"1":3,"2":3,"3":0,"4":0,"5":0,"6":0,"7":0,"8":0,"9":0,"10":0,"11":0,"12":0,"13":0,"14":0,"15":0,"16":0,"17":0,"18":0,"19":0,"20":0,"21":0,"22":0,"23":0,"24":0,"25":0,"26":0,"27":0,"28":0,"29":0,"30":0,"31":0,"32":0,"33":0,"34":0,"35":0,"36":0,"37":0,"38":0,"39":0,"40":8,"41":8,"42":8,"43":8,"44":8,"45":7,"46":1,"47":1,"48":0,"49":0,"50":0,"51":0,"52":0,"53":0,"54":0,"55":0,"56":7,"57":7,"58":18,"59":14,"60":4,"61":7,"62":15,"63":6,"64":2,"65":3,"66":1,"67":3},"f":{"0":0,"1":0,"2":0,"3":0,"4":0,"5":0,"6":0,"7":0,"8":0,"9":8,"10":0,"11":0,"12":0,"13":0,"14":0,"15":7,"16":15},"b":{"0":[0,0],"1":[0,0],"2":[0,0],"3":[0,0],"4":[0,0],"5":[0,0],"6":[0,0],"7":[0,0],"8":[0,0],"9":[0,0],"10":[0,0],"11":[0,0],"12":[0,0],"13":[1,6],"14":[0,0],"15":[14,4],"16":[6,2,3,1,3]},"meta":{"lastBranch":17,"lastFunction":17,"lastStatement":68,"seen":{"s:6:33:6:Infinity":0,"s:7:46:7:Infinity":1,"s:8:36:8:Infinity":2,"f:21:22:21:36":0,"b:22:1:24:Infinity:undefined:undefined:undefined:undefined":0,"s:22:1:24:Infinity":3,"s:23:2:23:Infinity":4,"s:26:22:26:Infinity":5,"s:27:28:27:Infinity":6,"b:29:1:34:Infinity:31:1:34:Infinity":1,"s:29:1:34:Infinity":7,"s:30:2:30:Infinity":8,"b:31:1:34:Infinity:undefined:undefined:undefined:undefined":2,"s:31:1:34:Infinity":9,"s:32:2:32:Infinity":10,"s:33:2:33:Infinity":11,"f:37:15:37:Infinity":1,"s:43:29:43:Infinity":12,"b:45:1:53:Infinity:undefined:undefined:undefined:undefined":3,"s:45:1:53:Infinity":13,"s:46:29:46:Infinity":14,"f:46:47:46:48":2,"s:46:58:46:79":15,"b:48:2:52:Infinity:undefined:undefined:undefined:undefined":4,"s:48:2:52:Infinity":16,"s:49:19:49:Infinity":17,"b:49:120:49:148:49:148:49:163":5,"s:51:3:51:Infinity":18,"f:56:15:56:Infinity":3,"s:62:29:62:Infinity":19,"b:64:1:78:Infinity:undefined:undefined:undefined:undefined":6,"s:64:1:78:Infinity":20,"s:65:18:67:Infinity":21,"f:67:10:67:11":4,"s:67:17:67:38":22,"b:69:2:77:Infinity:undefined:undefined:undefined:undefined":7,"s:69:2:77:Infinity":23,"s:70:28:70:Infinity":24,"f:70:46:70:47":5,"s:70:57:70:76":25,"b:72:3:76:Infinity:undefined:undefined:undefined:undefined":8,"s:72:3:76:Infinity":26,"s:73:20:73:Infinity":27,"s:75:4:75:Infinity":28,"f:81:15:81:Infinity":6,"b:86:1:94:Infinity:undefined:undefined:undefined:undefined":9,"s:86:1:94:Infinity":29,"s:87:32:87:Infinity":30,"f:87:50:87:51":7,"s:87:61:87:91":31,"b:89:2:93:Infinity:undefined:undefined:undefined:undefined":10,"s:89:2:93:Infinity":32,"s:90:19:90:Infinity":33,"s:92:3:92:Infinity":34,"f:97:15:97:Infinity":8,"s:103:25:108:Infinity":35,"s:110:24:110:Infinity":36,"b:112:1:114:Infinity:undefined:undefined:undefined:undefined":11,"s:112:1:114:Infinity":37,"b:112:5:112:31:112:31:112:45":12,"s:113:2:113:Infinity":38,"s:116:1:116:Infinity":39,"f:119:22:119:Infinity":9,"s:124:15:124:Infinity":40,"s:125:15:125:Infinity":41,"s:127:33:136:Infinity":42,"s:138:1:152:Infinity":43,"s:139:19:145:Infinity":44,"b:147:2:149:Infinity:undefined:undefined:undefined:undefined":13,"s:147:2:149:Infinity":45,"s:148:3:148:Infinity":46,"s:151:2:151:Infinity":47,"f:155:22:155:32":10,"b:156:1:158:Infinity:undefined:undefined:undefined:undefined":14,"s:156:1:158:Infinity":48,"s:157:2:157:Infinity":49,"s:160:1:160:Infinity":50,"f:163:22:163:66":11,"s:164:1:164:Infinity":51,"f:167:22:167:39":12,"s:168:1:168:Infinity":52,"f:171:15:171:31":13,"s:172:20:172:Infinity":53,"s:174:1:178:Infinity":54,"f:181:15:181:37":14,"s:182:1:187:Infinity":55,"f:190:16:190:41":15,"s:191:13:191:Infinity":56,"s:193:1:199:Infinity":57,"b:194:2:198:Infinity:196:9:198:Infinity":15,"s:194:2:198:Infinity":58,"s:195:3:195:Infinity":59,"s:197:3:197:Infinity":60,"s:201:1:201:Infinity":61,"f:204:16:204:30":16,"b:206:2:207:Infinity:208:2:209:Infinity:210:2:211:Infinity:212:2:213:Infinity:214:2:215:Infinity":16,"s:205:1:216:Infinity":62,"s:207:3:207:Infinity":63,"s:209:3:209:Infinity":64,"s:211:3:211:Infinity":65,"s:213:3:213:Infinity":66,"s:215:3:215:Infinity":67}}}
,"/home/hoang/workspace/hxio/globalping-ui/src/lib/server/checker.ts": {"path":"/home/hoang/workspace/hxio/globalping-ui/src/lib/server/checker.ts","statementMap":{"0":{"start":{"line":11,"column":1},"end":{"line":20,"column":null}},"1":{"start":{"line":12,"column":17},"end":{"line":12,"column":null}},"2":{"start":{"line":13,"column":2},"end":{"line":17,"column":null}},"3":{"start":{"line":19,"column":2},"end":{"line":19,"column":null}},"4":{"start":{"line":37,"column":1},"end":{"line":61,"column":null}},"5":{"start":{"line":38,"column":33},"end":{"line":38,"column":null}},"6":{"start":{"line":40,"column":2},"end":{"line":58,"column":null}},"7":{"start":{"line":41,"column":15},"end":{"line":41,"column":null}},"8":{"start":{"line":42,"column":3},"end":{"line":48,"column":null}},"9":{"start":{"line":43,"column":4},"end":{"line":43,"column":null}},"10":{"start":{"line":44,"column":3},"end":{"line":48,"column":null}},"11":{"start":{"line":45,"column":4},"end":{"line":45,"column":null}},"12":{"start":{"line":46,"column":3},"end":{"line":48,"column":null}},"13":{"start":{"line":47,"column":4},"end":{"line":47,"column":null}},"14":{"start":{"line":50,"column":3},"end":{"line":52,"column":null}},"15":{"start":{"line":51,"column":4},"end":{"line":51,"column":null}},"16":{"start":{"line":54,"column":3},"end":{"line":54,"column":null}},"17":{"start":{"line":54,"column":21},"end":{"line":54,"column":null}},"18":{"start":{"line":55,"column":3},"end":{"line":55,"column":null}},"19":{"start":{"line":55,"column":23},"end":{"line":55,"column":null}},"20":{"start":{"line":56,"column":3},"end":{"line":56,"column":null}},"21":{"start":{"line":56,"column":18},"end":{"line":56,"column":null}},"22":{"start":{"line":57,"column":3},"end":{"line":57,"column":null}},"23":{"start":{"line":57,"column":18},"end":{"line":57,"column":null}},"24":{"start":{"line":60,"column":2},"end":{"line":60,"column":null}},"25":{"start":{"line":65,"column":47},"end":{"line":65,"column":null}},"26":{"start":{"line":66,"column":19},"end":{"line":66,"column":null}},"27":{"start":{"line":67,"column":1},"end":{"line":67,"column":null}},"28":{"start":{"line":68,"column":34},"end":{"line":68,"column":null}},"29":{"start":{"line":70,"column":1},"end":{"line":70,"column":null}},"30":{"start":{"line":72,"column":18},"end":{"line":84,"column":null}},"31":{"start":{"line":86,"column":1},"end":{"line":89,"column":null}},"32":{"start":{"line":87,"column":2},"end":{"line":87,"column":null}},"33":{"start":{"line":88,"column":2},"end":{"line":88,"column":null}},"34":{"start":{"line":92,"column":2},"end":{"line":102,"column":null}},"35":{"start":{"line":92,"column":32},"end":{"line":102,"column":4}},"36":{"start":{"line":104,"column":1},"end":{"line":160,"column":null}},"37":{"start":{"line":105,"column":31},"end":{"line":105,"column":null}},"38":{"start":{"line":106,"column":2},"end":{"line":106,"column":null}},"39":{"start":{"line":108,"column":2},"end":{"line":118,"column":null}},"40":{"start":{"line":109,"column":3},"end":{"line":109,"column":null}},"41":{"start":{"line":111,"column":3},"end":{"line":117,"column":null}},"42":{"start":{"line":120,"column":20},"end":{"line":120,"column":null}},"43":{"start":{"line":121,"column":30},"end":{"line":124,"column":null}},"44":{"start":{"line":126,"column":23},"end":{"line":126,"column":null}},"45":{"start":{"line":126,"column":70},"end":{"line":126,"column":92}},"46":{"start":{"line":127,"column":20},"end":{"line":129,"column":null}},"47":{"start":{"line":131,"column":28},"end":{"line":131,"column":null}},"48":{"start":{"line":132,"column":24},"end":{"line":132,"column":null}},"49":{"start":{"line":134,"column":2},"end":{"line":140,"column":null}},"50":{"start":{"line":142,"column":31},"end":{"line":147,"column":null}},"51":{"start":{"line":149,"column":25},"end":{"line":149,"column":null}},"52":{"start":{"line":149,"column":57},"end":{"line":149,"column":65}},"53":{"start":{"line":150,"column":18},"end":{"line":150,"column":null}},"54":{"start":{"line":151,"column":18},"end":{"line":151,"column":null}},"55":{"start":{"line":152,"column":20},"end":{"line":152,"column":null}},"56":{"start":{"line":154,"column":2},"end":{"line":159,"column":null}},"57":{"start":{"line":155,"column":3},"end":{"line":158,"column":null}}},"fnMap":{"0":{"name":"extractHostAndPath","decl":{"start":{"line":10,"column":16},"end":{"line":10,"column":35}},"loc":{"start":{"line":10,"column":98},"end":{"line":21,"column":null}},"line":10},"1":{"name":"convertToGlobalpingLocations","decl":{"start":{"line":36,"column":16},"end":{"line":36,"column":45}},"loc":{"start":{"line":36,"column":102},"end":{"line":62,"column":null}},"line":36},"2":{"name":"(anonymous_2)","decl":{"start":{"line":37,"column":28},"end":{"line":37,"column":29}},"loc":{"start":{"line":37,"column":38},"end":{"line":61,"column":2}},"line":37},"3":{"name":"checkMonitor","decl":{"start":{"line":64,"column":22},"end":{"line":64,"column":35}},"loc":{"start":{"line":64,"column":68},"end":{"line":161,"column":null}},"line":64},"4":{"name":"(anonymous_4)","decl":{"start":{"line":92,"column":24},"end":{"line":92,"column":25}},"loc":{"start":{"line":92,"column":32},"end":{"line":102,"column":4}},"line":92},"5":{"name":"(anonymous_5)","decl":{"start":{"line":126,"column":50},"end":{"line":126,"column":51}},"loc":{"start":{"line":126,"column":70},"end":{"line":126,"column":92}},"line":126},"6":{"name":"(anonymous_6)","decl":{"start":{"line":149,"column":50},"end":{"line":149,"column":51}},"loc":{"start":{"line":149,"column":57},"end":{"line":149,"column":65}},"line":149}},"branchMap":{"0":{"loc":{"start":{"line":40,"column":2},"end":{"line":58,"column":null}},"type":"if","locations":[{"start":{"line":40,"column":2},"end":{"line":58,"column":null}},{"start":{"line":53,"column":9},"end":{"line":58,"column":null}}],"line":40},"1":{"loc":{"start":{"line":42,"column":3},"end":{"line":48,"column":null}},"type":"if","locations":[{"start":{"line":42,"column":3},"end":{"line":48,"column":null}},{"start":{"line":44,"column":3},"end":{"line":48,"column":null}}],"line":42},"2":{"loc":{"start":{"line":44,"column":3},"end":{"line":48,"column":null}},"type":"if","locations":[{"start":{"line":44,"column":3},"end":{"line":48,"column":null}},{"start":{"line":46,"column":3},"end":{"line":48,"column":null}}],"line":44},"3":{"loc":{"start":{"line":46,"column":3},"end":{"line":48,"column":null}},"type":"if","locations":[{"start":{"line":46,"column":3},"end":{"line":48,"column":null}},{"start":{},"end":{}}],"line":46},"4":{"loc":{"start":{"line":50,"column":3},"end":{"line":52,"column":null}},"type":"if","locations":[{"start":{"line":50,"column":3},"end":{"line":52,"column":null}},{"start":{},"end":{}}],"line":50},"5":{"loc":{"start":{"line":50,"column":7},"end":{"line":50,"column":55}},"type":"binary-expr","locations":[{"start":{"line":50,"column":7},"end":{"line":50,"column":27}},{"start":{"line":50,"column":27},"end":{"line":50,"column":55}}],"line":50},"6":{"loc":{"start":{"line":54,"column":3},"end":{"line":54,"column":null}},"type":"if","locations":[{"start":{"line":54,"column":3},"end":{"line":54,"column":null}},{"start":{},"end":{}}],"line":54},"7":{"loc":{"start":{"line":55,"column":3},"end":{"line":55,"column":null}},"type":"if","locations":[{"start":{"line":55,"column":3},"end":{"line":55,"column":null}},{"start":{},"end":{}}],"line":55},"8":{"loc":{"start":{"line":56,"column":3},"end":{"line":56,"column":null}},"type":"if","locations":[{"start":{"line":56,"column":3},"end":{"line":56,"column":null}},{"start":{},"end":{}}],"line":56},"9":{"loc":{"start":{"line":57,"column":3},"end":{"line":57,"column":null}},"type":"if","locations":[{"start":{"line":57,"column":3},"end":{"line":57,"column":null}},{"start":{},"end":{}}],"line":57},"10":{"loc":{"start":{"line":78,"column":9},"end":{"line":78,"column":null}},"type":"cond-expr","locations":[{"start":{"line":78,"column":32},"end":{"line":78,"column":38}},{"start":{"line":78,"column":38},"end":{"line":78,"column":null}}],"line":78},"11":{"loc":{"start":{"line":86,"column":1},"end":{"line":89,"column":null}},"type":"if","locations":[{"start":{"line":86,"column":1},"end":{"line":89,"column":null}},{"start":{},"end":{}}],"line":86},"12":{"loc":{"start":{"line":92,"column":2},"end":{"line":102,"column":null}},"type":"binary-expr","locations":[{"start":{"line":92,"column":2},"end":{"line":102,"column":9}},{"start":{"line":102,"column":9},"end":{"line":102,"column":null}}],"line":92},"13":{"loc":{"start":{"line":97,"column":16},"end":{"line":97,"column":null}},"type":"cond-expr","locations":[{"start":{"line":97,"column":55},"end":{"line":97,"column":71}},{"start":{"line":97,"column":71},"end":{"line":97,"column":null}}],"line":97},"14":{"loc":{"start":{"line":98,"column":15},"end":{"line":98,"column":null}},"type":"binary-expr","locations":[{"start":{"line":98,"column":15},"end":{"line":98,"column":38}},{"start":{"line":98,"column":38},"end":{"line":98,"column":null}}],"line":98},"15":{"loc":{"start":{"line":99,"column":12},"end":{"line":99,"column":null}},"type":"binary-expr","locations":[{"start":{"line":99,"column":12},"end":{"line":99,"column":39}},{"start":{"line":99,"column":39},"end":{"line":99,"column":null}}],"line":99},"16":{"loc":{"start":{"line":100,"column":11},"end":{"line":100,"column":null}},"type":"cond-expr","locations":[{"start":{"line":100,"column":44},"end":{"line":100,"column":56}},{"start":{"line":100,"column":56},"end":{"line":100,"column":null}}],"line":100},"17":{"loc":{"start":{"line":101,"column":17},"end":{"line":101,"column":null}},"type":"binary-expr","locations":[{"start":{"line":101,"column":17},"end":{"line":101,"column":38}},{"start":{"line":101,"column":38},"end":{"line":101,"column":null}}],"line":101},"18":{"loc":{"start":{"line":104,"column":1},"end":{"line":160,"column":null}},"type":"if","locations":[{"start":{"line":104,"column":1},"end":{"line":160,"column":null}},{"start":{},"end":{}}],"line":104},"19":{"loc":{"start":{"line":127,"column":20},"end":{"line":129,"column":null}},"type":"cond-expr","locations":[{"start":{"line":128,"column":5},"end":{"line":128,"column":null}},{"start":{"line":129,"column":5},"end":{"line":129,"column":null}}],"line":127},"20":{"loc":{"start":{"line":132,"column":24},"end":{"line":132,"column":null}},"type":"cond-expr","locations":[{"start":{"line":132,"column":66},"end":{"line":132,"column":73}},{"start":{"line":132,"column":73},"end":{"line":132,"column":null}}],"line":132},"21":{"loc":{"start":{"line":154,"column":2},"end":{"line":159,"column":null}},"type":"if","locations":[{"start":{"line":154,"column":2},"end":{"line":159,"column":null}},{"start":{},"end":{}}],"line":154},"22":{"loc":{"start":{"line":154,"column":7},"end":{"line":154,"column":55}},"type":"binary-expr","locations":[{"start":{"line":154,"column":7},"end":{"line":154,"column":18}},{"start":{"line":154,"column":18},"end":{"line":154,"column":31}},{"start":{"line":154,"column":31},"end":{"line":154,"column":43}},{"start":{"line":154,"column":43},"end":{"line":154,"column":55}}],"line":154}},"s":{"0":9,"1":9,"2":9,"3":2,"4":9,"5":10,"6":10,"7":9,"8":9,"9":1,"10":8,"11":5,"12":3,"13":2,"14":9,"15":5,"16":1,"17":1,"18":1,"19":0,"20":1,"21":0,"22":1,"23":1,"24":10,"25":0,"26":0,"27":0,"28":0,"29":0,"30":0,"31":0,"32":0,"33":0,"34":0,"35":0,"36":0,"37":0,"38":0,"39":0,"40":0,"41":0,"42":0,"43":0,"44":0,"45":0,"46":0,"47":0,"48":0,"49":0,"50":0,"51":0,"52":0,"53":0,"54":0,"55":0,"56":0,"57":0},"f":{"0":9,"1":9,"2":10,"3":0,"4":0,"5":0,"6":0},"b":{"0":[9,1],"1":[1,8],"2":[5,3],"3":[2,1],"4":[5,4],"5":[9,9],"6":[1,0],"7":[0,1],"8":[0,1],"9":[1,0],"10":[0,0],"11":[0,0],"12":[0,0],"13":[0,0],"14":[0,0],"15":[0,0],"16":[0,0],"17":[0,0],"18":[0,0],"19":[0,0],"20":[0,0],"21":[0,0],"22":[0,0,0,0]},"meta":{"lastBranch":23,"lastFunction":7,"lastStatement":58,"seen":{"f:10:16:10:35":0,"s:11:1:20:Infinity":0,"s:12:17:12:Infinity":1,"s:13:2:17:Infinity":2,"s:19:2:19:Infinity":3,"f:36:16:36:45":1,"s:37:1:61:Infinity":4,"f:37:28:37:29":2,"s:38:33:38:Infinity":5,"b:40:2:58:Infinity:53:9:58:Infinity":0,"s:40:2:58:Infinity":6,"s:41:15:41:Infinity":7,"b:42:3:48:Infinity:44:3:48:Infinity":1,"s:42:3:48:Infinity":8,"s:43:4:43:Infinity":9,"b:44:3:48:Infinity:46:3:48:Infinity":2,"s:44:3:48:Infinity":10,"s:45:4:45:Infinity":11,"b:46:3:48:Infinity:undefined:undefined:undefined:undefined":3,"s:46:3:48:Infinity":12,"s:47:4:47:Infinity":13,"b:50:3:52:Infinity:undefined:undefined:undefined:undefined":4,"s:50:3:52:Infinity":14,"b:50:7:50:27:50:27:50:55":5,"s:51:4:51:Infinity":15,"b:54:3:54:Infinity:undefined:undefined:undefined:undefined":6,"s:54:3:54:Infinity":16,"s:54:21:54:Infinity":17,"b:55:3:55:Infinity:undefined:undefined:undefined:undefined":7,"s:55:3:55:Infinity":18,"s:55:23:55:Infinity":19,"b:56:3:56:Infinity:undefined:undefined:undefined:undefined":8,"s:56:3:56:Infinity":20,"s:56:18:56:Infinity":21,"b:57:3:57:Infinity:undefined:undefined:undefined:undefined":9,"s:57:3:57:Infinity":22,"s:57:18:57:Infinity":23,"s:60:2:60:Infinity":24,"f:64:22:64:35":3,"s:65:47:65:Infinity":25,"s:66:19:66:Infinity":26,"s:67:1:67:Infinity":27,"s:68:34:68:Infinity":28,"s:70:1:70:Infinity":29,"s:72:18:84:Infinity":30,"b:78:32:78:38:78:38:78:Infinity":10,"b:86:1:89:Infinity:undefined:undefined:undefined:undefined":11,"s:86:1:89:Infinity":31,"s:87:2:87:Infinity":32,"s:88:2:88:Infinity":33,"s:92:2:102:Infinity":34,"b:92:2:102:9:102:9:102:Infinity":12,"f:92:24:92:25":4,"s:92:32:102:4":35,"b:97:55:97:71:97:71:97:Infinity":13,"b:98:15:98:38:98:38:98:Infinity":14,"b:99:12:99:39:99:39:99:Infinity":15,"b:100:44:100:56:100:56:100:Infinity":16,"b:101:17:101:38:101:38:101:Infinity":17,"b:104:1:160:Infinity:undefined:undefined:undefined:undefined":18,"s:104:1:160:Infinity":36,"s:105:31:105:Infinity":37,"s:106:2:106:Infinity":38,"s:108:2:118:Infinity":39,"s:109:3:109:Infinity":40,"s:111:3:117:Infinity":41,"s:120:20:120:Infinity":42,"s:121:30:124:Infinity":43,"s:126:23:126:Infinity":44,"f:126:50:126:51":5,"s:126:70:126:92":45,"s:127:20:129:Infinity":46,"b:128:5:128:Infinity:129:5:129:Infinity":19,"s:131:28:131:Infinity":47,"s:132:24:132:Infinity":48,"b:132:66:132:73:132:73:132:Infinity":20,"s:134:2:140:Infinity":49,"s:142:31:147:Infinity":50,"s:149:25:149:Infinity":51,"f:149:50:149:51":6,"s:149:57:149:65":52,"s:150:18:150:Infinity":53,"s:151:18:151:Infinity":54,"s:152:20:152:Infinity":55,"b:154:2:159:Infinity:undefined:undefined:undefined:undefined":21,"s:154:2:159:Infinity":56,"b:154:7:154:18:154:18:154:31:154:31:154:43:154:43:154:55":22,"s:155:3:158:Infinity":57}}}
,"/home/hoang/workspace/hxio/globalping-ui/src/lib/server/cron.ts": {"path":"/home/hoang/workspace/hxio/globalping-ui/src/lib/server/cron.ts","statementMap":{"0":{"start":{"line":7,"column":36},"end":{"line":7,"column":null}},"1":{"start":{"line":9,"column":21},"end":{"line":9,"column":null}},"2":{"start":{"line":10,"column":30},"end":{"line":10,"column":null}},"3":{"start":{"line":13,"column":1},"end":{"line":15,"column":null}},"4":{"start":{"line":14,"column":2},"end":{"line":14,"column":null}},"5":{"start":{"line":17,"column":1},"end":{"line":19,"column":null}},"6":{"start":{"line":18,"column":2},"end":{"line":18,"column":null}},"7":{"start":{"line":21,"column":21},"end":{"line":21,"column":null}},"8":{"start":{"line":22,"column":13},"end":{"line":22,"column":null}},"9":{"start":{"line":24,"column":1},"end":{"line":27,"column":null}},"10":{"start":{"line":25,"column":2},"end":{"line":25,"column":null}},"11":{"start":{"line":26,"column":2},"end":{"line":26,"column":null}},"12":{"start":{"line":29,"column":20},"end":{"line":29,"column":null}},"13":{"start":{"line":30,"column":1},"end":{"line":30,"column":null}},"14":{"start":{"line":34,"column":1},"end":{"line":37,"column":null}},"15":{"start":{"line":41,"column":1},"end":{"line":43,"column":null}},"16":{"start":{"line":42,"column":2},"end":{"line":42,"column":null}},"17":{"start":{"line":45,"column":1},"end":{"line":45,"column":null}},"18":{"start":{"line":46,"column":1},"end":{"line":46,"column":null}},"19":{"start":{"line":48,"column":1},"end":{"line":57,"column":null}},"20":{"start":{"line":49,"column":2},"end":{"line":49,"column":null}},"21":{"start":{"line":50,"column":2},"end":{"line":50,"column":null}},"22":{"start":{"line":51,"column":2},"end":{"line":51,"column":null}},"23":{"start":{"line":53,"column":2},"end":{"line":53,"column":null}},"24":{"start":{"line":54,"column":2},"end":{"line":54,"column":null}},"25":{"start":{"line":56,"column":2},"end":{"line":56,"column":null}},"26":{"start":{"line":61,"column":19},"end":{"line":61,"column":null}},"27":{"start":{"line":62,"column":1},"end":{"line":62,"column":null}},"28":{"start":{"line":64,"column":1},"end":{"line":91,"column":null}},"29":{"start":{"line":65,"column":25},"end":{"line":65,"column":null}},"30":{"start":{"line":66,"column":22},"end":{"line":66,"column":null}},"31":{"start":{"line":66,"column":51},"end":{"line":66,"column":74}},"32":{"start":{"line":68,"column":2},"end":{"line":71,"column":null}},"33":{"start":{"line":69,"column":3},"end":{"line":69,"column":null}},"34":{"start":{"line":70,"column":3},"end":{"line":70,"column":null}},"35":{"start":{"line":73,"column":25},"end":{"line":73,"column":null}},"36":{"start":{"line":74,"column":26},"end":{"line":74,"column":null}},"37":{"start":{"line":76,"column":2},"end":{"line":76,"column":null}},"38":{"start":{"line":78,"column":18},"end":{"line":80,"column":null}},"39":{"start":{"line":79,"column":36},"end":{"line":79,"column":65}},"40":{"start":{"line":82,"column":23},"end":{"line":82,"column":null}},"41":{"start":{"line":83,"column":21},"end":{"line":83,"column":null}},"42":{"start":{"line":83,"column":43},"end":{"line":83,"column":45}},"43":{"start":{"line":85,"column":19},"end":{"line":85,"column":null}},"44":{"start":{"line":86,"column":2},"end":{"line":88,"column":null}},"45":{"start":{"line":90,"column":2},"end":{"line":90,"column":null}},"46":{"start":{"line":95,"column":1},"end":{"line":98,"column":null}},"47":{"start":{"line":96,"column":2},"end":{"line":96,"column":null}},"48":{"start":{"line":97,"column":2},"end":{"line":97,"column":null}},"49":{"start":{"line":100,"column":1},"end":{"line":100,"column":null}},"50":{"start":{"line":102,"column":1},"end":{"line":102,"column":null}},"51":{"start":{"line":106,"column":1},"end":{"line":110,"column":null}},"52":{"start":{"line":107,"column":2},"end":{"line":107,"column":null}},"53":{"start":{"line":108,"column":2},"end":{"line":108,"column":null}},"54":{"start":{"line":109,"column":2},"end":{"line":109,"column":null}}},"fnMap":{"0":{"name":"isMonitorDueForCheck","decl":{"start":{"line":12,"column":16},"end":{"line":12,"column":37}},"loc":{"start":{"line":12,"column":109},"end":{"line":31,"column":null}},"line":12},"1":{"name":"updateLastCheckedAt","decl":{"start":{"line":33,"column":15},"end":{"line":33,"column":35}},"loc":{"start":{"line":33,"column":69},"end":{"line":38,"column":null}},"line":33},"2":{"name":"checkMonitorWithLock","decl":{"start":{"line":40,"column":15},"end":{"line":40,"column":36}},"loc":{"start":{"line":40,"column":72},"end":{"line":58,"column":null}},"line":40},"3":{"name":"runScheduledChecks","decl":{"start":{"line":60,"column":15},"end":{"line":60,"column":51}},"loc":{"start":{"line":60,"column":51},"end":{"line":92,"column":null}},"line":60},"4":{"name":"(anonymous_4)","decl":{"start":{"line":66,"column":44},"end":{"line":66,"column":45}},"loc":{"start":{"line":66,"column":51},"end":{"line":66,"column":74}},"line":66},"5":{"name":"(anonymous_5)","decl":{"start":{"line":79,"column":23},"end":{"line":79,"column":24}},"loc":{"start":{"line":79,"column":36},"end":{"line":79,"column":65}},"line":79},"6":{"name":"(anonymous_6)","decl":{"start":{"line":83,"column":36},"end":{"line":83,"column":37}},"loc":{"start":{"line":83,"column":43},"end":{"line":83,"column":45}},"line":83},"7":{"name":"initializeCron","decl":{"start":{"line":94,"column":16},"end":{"line":94,"column":39}},"loc":{"start":{"line":94,"column":39},"end":{"line":103,"column":null}},"line":94},"8":{"name":"stopCron","decl":{"start":{"line":105,"column":16},"end":{"line":105,"column":33}},"loc":{"start":{"line":105,"column":33},"end":{"line":111,"column":null}},"line":105}},"branchMap":{"0":{"loc":{"start":{"line":12,"column":55},"end":{"line":12,"column":109}},"type":"default-arg","locations":[{"start":{"line":12,"column":86},"end":{"line":12,"column":109}}],"line":12},"1":{"loc":{"start":{"line":13,"column":1},"end":{"line":15,"column":null}},"type":"if","locations":[{"start":{"line":13,"column":1},"end":{"line":15,"column":null}},{"start":{},"end":{}}],"line":13},"2":{"loc":{"start":{"line":17,"column":1},"end":{"line":19,"column":null}},"type":"if","locations":[{"start":{"line":17,"column":1},"end":{"line":19,"column":null}},{"start":{},"end":{}}],"line":17},"3":{"loc":{"start":{"line":24,"column":1},"end":{"line":27,"column":null}},"type":"if","locations":[{"start":{"line":24,"column":1},"end":{"line":27,"column":null}},{"start":{},"end":{}}],"line":24},"4":{"loc":{"start":{"line":41,"column":1},"end":{"line":43,"column":null}},"type":"if","locations":[{"start":{"line":41,"column":1},"end":{"line":43,"column":null}},{"start":{},"end":{}}],"line":41},"5":{"loc":{"start":{"line":68,"column":2},"end":{"line":71,"column":null}},"type":"if","locations":[{"start":{"line":68,"column":2},"end":{"line":71,"column":null}},{"start":{},"end":{}}],"line":68},"6":{"loc":{"start":{"line":95,"column":1},"end":{"line":98,"column":null}},"type":"if","locations":[{"start":{"line":95,"column":1},"end":{"line":98,"column":null}},{"start":{},"end":{}}],"line":95},"7":{"loc":{"start":{"line":106,"column":1},"end":{"line":110,"column":null}},"type":"if","locations":[{"start":{"line":106,"column":1},"end":{"line":110,"column":null}},{"start":{},"end":{}}],"line":106}},"s":{"0":1,"1":1,"2":1,"3":8,"4":1,"5":7,"6":1,"7":6,"8":6,"9":6,"10":1,"11":1,"12":5,"13":5,"14":0,"15":0,"16":0,"17":0,"18":0,"19":0,"20":0,"21":0,"22":0,"23":0,"24":0,"25":0,"26":0,"27":0,"28":0,"29":0,"30":0,"31":0,"32":0,"33":0,"34":0,"35":0,"36":0,"37":0,"38":0,"39":0,"40":0,"41":0,"42":0,"43":0,"44":0,"45":0,"46":0,"47":0,"48":0,"49":0,"50":0,"51":0,"52":0,"53":0,"54":0},"f":{"0":8,"1":0,"2":0,"3":0,"4":0,"5":0,"6":0,"7":0,"8":0},"b":{"0":[8],"1":[1,7],"2":[1,6],"3":[1,5],"4":[0,0],"5":[0,0],"6":[0,0],"7":[0,0]},"meta":{"lastBranch":8,"lastFunction":9,"lastStatement":55,"seen":{"s:7:36:7:Infinity":0,"s:9:21:9:Infinity":1,"s:10:30:10:Infinity":2,"f:12:16:12:37":0,"b:12:86:12:109":0,"b:13:1:15:Infinity:undefined:undefined:undefined:undefined":1,"s:13:1:15:Infinity":3,"s:14:2:14:Infinity":4,"b:17:1:19:Infinity:undefined:undefined:undefined:undefined":2,"s:17:1:19:Infinity":5,"s:18:2:18:Infinity":6,"s:21:21:21:Infinity":7,"s:22:13:22:Infinity":8,"b:24:1:27:Infinity:undefined:undefined:undefined:undefined":3,"s:24:1:27:Infinity":9,"s:25:2:25:Infinity":10,"s:26:2:26:Infinity":11,"s:29:20:29:Infinity":12,"s:30:1:30:Infinity":13,"f:33:15:33:35":1,"s:34:1:37:Infinity":14,"f:40:15:40:36":2,"b:41:1:43:Infinity:undefined:undefined:undefined:undefined":4,"s:41:1:43:Infinity":15,"s:42:2:42:Infinity":16,"s:45:1:45:Infinity":17,"s:46:1:46:Infinity":18,"s:48:1:57:Infinity":19,"s:49:2:49:Infinity":20,"s:50:2:50:Infinity":21,"s:51:2:51:Infinity":22,"s:53:2:53:Infinity":23,"s:54:2:54:Infinity":24,"s:56:2:56:Infinity":25,"f:60:15:60:51":3,"s:61:19:61:Infinity":26,"s:62:1:62:Infinity":27,"s:64:1:91:Infinity":28,"s:65:25:65:Infinity":29,"s:66:22:66:Infinity":30,"f:66:44:66:45":4,"s:66:51:66:74":31,"b:68:2:71:Infinity:undefined:undefined:undefined:undefined":5,"s:68:2:71:Infinity":32,"s:69:3:69:Infinity":33,"s:70:3:70:Infinity":34,"s:73:25:73:Infinity":35,"s:74:26:74:Infinity":36,"s:76:2:76:Infinity":37,"s:78:18:80:Infinity":38,"f:79:23:79:24":5,"s:79:36:79:65":39,"s:82:23:82:Infinity":40,"s:83:21:83:Infinity":41,"f:83:36:83:37":6,"s:83:43:83:45":42,"s:85:19:85:Infinity":43,"s:86:2:88:Infinity":44,"s:90:2:90:Infinity":45,"f:94:16:94:39":7,"b:95:1:98:Infinity:undefined:undefined:undefined:undefined":6,"s:95:1:98:Infinity":46,"s:96:2:96:Infinity":47,"s:97:2:97:Infinity":48,"s:100:1:100:Infinity":49,"s:102:1:102:Infinity":50,"f:105:16:105:33":8,"b:106:1:110:Infinity:undefined:undefined:undefined:undefined":7,"s:106:1:110:Infinity":51,"s:107:2:107:Infinity":52,"s:108:2:108:Infinity":53,"s:109:2:109:Infinity":54}}}
,"/home/hoang/workspace/hxio/globalping-ui/src/lib/server/events.ts": {"path":"/home/hoang/workspace/hxio/globalping-ui/src/lib/server/events.ts","statementMap":{"0":{"start":{"line":26,"column":2},"end":{"line":26,"column":null}},"1":{"start":{"line":27,"column":2},"end":{"line":27,"column":null}},"2":{"start":{"line":31,"column":2},"end":{"line":31,"column":null}},"3":{"start":{"line":32,"column":2},"end":{"line":32,"column":null}},"4":{"start":{"line":36,"column":2},"end":{"line":36,"column":null}},"5":{"start":{"line":37,"column":2},"end":{"line":37,"column":null}},"6":{"start":{"line":41,"column":29},"end":{"line":41,"column":null}}},"fnMap":{"0":{"name":"(anonymous_0)","decl":{"start":{"line":25,"column":1},"end":{"line":25,"column":19}},"loc":{"start":{"line":25,"column":51},"end":{"line":28,"column":null}},"line":25},"1":{"name":"(anonymous_1)","decl":{"start":{"line":30,"column":1},"end":{"line":30,"column":17}},"loc":{"start":{"line":30,"column":50},"end":{"line":33,"column":null}},"line":30},"2":{"name":"(anonymous_2)","decl":{"start":{"line":35,"column":1},"end":{"line":35,"column":18}},"loc":{"start":{"line":35,"column":49},"end":{"line":38,"column":null}},"line":35}},"branchMap":{},"s":{"0":0,"1":0,"2":0,"3":0,"4":0,"5":0,"6":2},"f":{"0":0,"1":0,"2":0},"b":{},"meta":{"lastBranch":0,"lastFunction":3,"lastStatement":7,"seen":{"f:25:1:25:19":0,"s:26:2:26:Infinity":0,"s:27:2:27:Infinity":1,"f:30:1:30:17":1,"s:31:2:31:Infinity":2,"s:32:2:32:Infinity":3,"f:35:1:35:18":2,"s:36:2:36:Infinity":4,"s:37:2:37:Infinity":5,"s:41:29:41:Infinity":6}}}
,"/home/hoang/workspace/hxio/globalping-ui/src/lib/server/globalping.ts": {"path":"/home/hoang/workspace/hxio/globalping-ui/src/lib/server/globalping.ts","statementMap":{"0":{"start":{"line":3,"column":24},"end":{"line":3,"column":null}},"1":{"start":{"line":4,"column":29},"end":{"line":4,"column":null}},"2":{"start":{"line":5,"column":27},"end":{"line":5,"column":null}},"3":{"start":{"line":12,"column":20},"end":{"line":12,"column":null}},"4":{"start":{"line":13,"column":19},"end":{"line":13,"column":null}},"5":{"start":{"line":13,"column":36},"end":{"line":13,"column":56}},"6":{"start":{"line":15,"column":1},"end":{"line":23,"column":null}},"7":{"start":{"line":16,"column":19},"end":{"line":19,"column":null}},"8":{"start":{"line":20,"column":2},"end":{"line":20,"column":null}},"9":{"start":{"line":22,"column":2},"end":{"line":22,"column":null}},"10":{"start":{"line":31,"column":31},"end":{"line":31,"column":null}},"11":{"start":{"line":33,"column":1},"end":{"line":45,"column":null}},"12":{"start":{"line":33,"column":20},"end":{"line":33,"column":23}},"13":{"start":{"line":34,"column":2},"end":{"line":44,"column":null}},"14":{"start":{"line":35,"column":3},"end":{"line":35,"column":null}},"15":{"start":{"line":37,"column":3},"end":{"line":37,"column":null}},"16":{"start":{"line":38,"column":3},"end":{"line":38,"column":null}},"17":{"start":{"line":40,"column":3},"end":{"line":43,"column":null}},"18":{"start":{"line":41,"column":18},"end":{"line":41,"column":null}},"19":{"start":{"line":42,"column":4},"end":{"line":42,"column":null}},"20":{"start":{"line":42,"column":35},"end":{"line":42,"column":61}},"21":{"start":{"line":47,"column":1},"end":{"line":47,"column":null}},"22":{"start":{"line":51,"column":18},"end":{"line":55,"column":null}},"23":{"start":{"line":57,"column":1},"end":{"line":59,"column":null}},"24":{"start":{"line":58,"column":2},"end":{"line":58,"column":null}},"25":{"start":{"line":61,"column":15},"end":{"line":61,"column":null}},"26":{"start":{"line":62,"column":1},"end":{"line":62,"column":null}},"27":{"start":{"line":63,"column":1},"end":{"line":63,"column":null}},"28":{"start":{"line":67,"column":13},"end":{"line":67,"column":null}},"29":{"start":{"line":68,"column":18},"end":{"line":68,"column":null}},"30":{"start":{"line":69,"column":21},"end":{"line":69,"column":null}},"31":{"start":{"line":71,"column":1},"end":{"line":87,"column":null}},"32":{"start":{"line":71,"column":20},"end":{"line":71,"column":23}},"33":{"start":{"line":72,"column":2},"end":{"line":72,"column":null}},"34":{"start":{"line":72,"column":33},"end":{"line":72,"column":59}},"35":{"start":{"line":74,"column":19},"end":{"line":74,"column":null}},"36":{"start":{"line":75,"column":2},"end":{"line":77,"column":null}},"37":{"start":{"line":76,"column":3},"end":{"line":76,"column":null}},"38":{"start":{"line":79,"column":16},"end":{"line":79,"column":null}},"39":{"start":{"line":81,"column":2},"end":{"line":84,"column":null}},"40":{"start":{"line":82,"column":3},"end":{"line":82,"column":null}},"41":{"start":{"line":83,"column":3},"end":{"line":83,"column":null}},"42":{"start":{"line":86,"column":2},"end":{"line":86,"column":null}},"43":{"start":{"line":89,"column":1},"end":{"line":89,"column":null}},"44":{"start":{"line":93,"column":12},"end":{"line":93,"column":null}},"45":{"start":{"line":94,"column":1},"end":{"line":94,"column":null}}},"fnMap":{"0":{"name":"fetchWithTimeout","decl":{"start":{"line":7,"column":15},"end":{"line":7,"column":null}},"loc":{"start":{"line":11,"column":21},"end":{"line":24,"column":null}},"line":11},"1":{"name":"(anonymous_1)","decl":{"start":{"line":13,"column":30},"end":{"line":13,"column":36}},"loc":{"start":{"line":13,"column":36},"end":{"line":13,"column":56}},"line":13},"2":{"name":"fetchWithRetry","decl":{"start":{"line":26,"column":15},"end":{"line":26,"column":null}},"loc":{"start":{"line":30,"column":21},"end":{"line":48,"column":null}},"line":30},"3":{"name":"(anonymous_3)","decl":{"start":{"line":42,"column":22},"end":{"line":42,"column":23}},"loc":{"start":{"line":42,"column":35},"end":{"line":42,"column":61}},"line":42},"4":{"name":"createMeasurement","decl":{"start":{"line":50,"column":22},"end":{"line":50,"column":40}},"loc":{"start":{"line":50,"column":85},"end":{"line":64,"column":null}},"line":50},"5":{"name":"pollMeasurement","decl":{"start":{"line":66,"column":22},"end":{"line":66,"column":38}},"loc":{"start":{"line":66,"column":79},"end":{"line":90,"column":null}},"line":66},"6":{"name":"(anonymous_6)","decl":{"start":{"line":72,"column":20},"end":{"line":72,"column":21}},"loc":{"start":{"line":72,"column":33},"end":{"line":72,"column":59}},"line":72},"7":{"name":"runMeasurement","decl":{"start":{"line":92,"column":22},"end":{"line":92,"column":37}},"loc":{"start":{"line":92,"column":94},"end":{"line":95,"column":null}},"line":92}},"branchMap":{"0":{"loc":{"start":{"line":9,"column":1},"end":{"line":9,"column":null}},"type":"default-arg","locations":[{"start":{"line":9,"column":24},"end":{"line":9,"column":null}}],"line":9},"1":{"loc":{"start":{"line":10,"column":1},"end":{"line":10,"column":null}},"type":"default-arg","locations":[{"start":{"line":10,"column":11},"end":{"line":10,"column":null}}],"line":10},"2":{"loc":{"start":{"line":28,"column":1},"end":{"line":28,"column":null}},"type":"default-arg","locations":[{"start":{"line":28,"column":24},"end":{"line":28,"column":null}}],"line":28},"3":{"loc":{"start":{"line":29,"column":1},"end":{"line":29,"column":null}},"type":"default-arg","locations":[{"start":{"line":29,"column":11},"end":{"line":29,"column":null}}],"line":29},"4":{"loc":{"start":{"line":40,"column":3},"end":{"line":43,"column":null}},"type":"if","locations":[{"start":{"line":40,"column":3},"end":{"line":43,"column":null}},{"start":{},"end":{}}],"line":40},"5":{"loc":{"start":{"line":57,"column":1},"end":{"line":59,"column":null}},"type":"if","locations":[{"start":{"line":57,"column":1},"end":{"line":59,"column":null}},{"start":{},"end":{}}],"line":57},"6":{"loc":{"start":{"line":75,"column":2},"end":{"line":77,"column":null}},"type":"if","locations":[{"start":{"line":75,"column":2},"end":{"line":77,"column":null}},{"start":{},"end":{}}],"line":75},"7":{"loc":{"start":{"line":81,"column":2},"end":{"line":84,"column":null}},"type":"if","locations":[{"start":{"line":81,"column":2},"end":{"line":84,"column":null}},{"start":{},"end":{}}],"line":81}},"s":{"0":3,"1":3,"2":3,"3":35,"4":35,"5":0,"6":35,"7":35,"8":30,"9":35,"10":31,"11":31,"12":31,"13":35,"14":35,"15":5,"16":5,"17":5,"18":4,"19":4,"20":4,"21":5,"22":5,"23":4,"24":1,"25":3,"26":3,"27":3,"28":5,"29":5,"30":5,"31":5,"32":5,"33":26,"34":26,"35":26,"36":26,"37":1,"38":25,"39":25,"40":3,"41":3,"42":22,"43":22,"44":1,"45":1},"f":{"0":35,"1":0,"2":31,"3":4,"4":5,"5":5,"6":26,"7":1},"b":{"0":[35],"1":[35],"2":[31],"3":[31],"4":[4,1],"5":[1,3],"6":[1,25],"7":[3,22]},"meta":{"lastBranch":8,"lastFunction":8,"lastStatement":46,"seen":{"s:3:24:3:Infinity":0,"s:4:29:4:Infinity":1,"s:5:27:5:Infinity":2,"f:7:15:7:Infinity":0,"b:9:24:9:Infinity":0,"b:10:11:10:Infinity":1,"s:12:20:12:Infinity":3,"s:13:19:13:Infinity":4,"f:13:30:13:36":1,"s:13:36:13:56":5,"s:15:1:23:Infinity":6,"s:16:19:19:Infinity":7,"s:20:2:20:Infinity":8,"s:22:2:22:Infinity":9,"f:26:15:26:Infinity":2,"b:28:24:28:Infinity":2,"b:29:11:29:Infinity":3,"s:31:31:31:Infinity":10,"s:33:1:45:Infinity":11,"s:33:20:33:23":12,"s:34:2:44:Infinity":13,"s:35:3:35:Infinity":14,"s:37:3:37:Infinity":15,"s:38:3:38:Infinity":16,"b:40:3:43:Infinity:undefined:undefined:undefined:undefined":4,"s:40:3:43:Infinity":17,"s:41:18:41:Infinity":18,"s:42:4:42:Infinity":19,"f:42:22:42:23":3,"s:42:35:42:61":20,"s:47:1:47:Infinity":21,"f:50:22:50:40":4,"s:51:18:55:Infinity":22,"b:57:1:59:Infinity:undefined:undefined:undefined:undefined":5,"s:57:1:59:Infinity":23,"s:58:2:58:Infinity":24,"s:61:15:61:Infinity":25,"s:62:1:62:Infinity":26,"s:63:1:63:Infinity":27,"f:66:22:66:38":5,"s:67:13:67:Infinity":28,"s:68:18:68:Infinity":29,"s:69:21:69:Infinity":30,"s:71:1:87:Infinity":31,"s:71:20:71:23":32,"s:72:2:72:Infinity":33,"f:72:20:72:21":6,"s:72:33:72:59":34,"s:74:19:74:Infinity":35,"b:75:2:77:Infinity:undefined:undefined:undefined:undefined":6,"s:75:2:77:Infinity":36,"s:76:3:76:Infinity":37,"s:79:16:79:Infinity":38,"b:81:2:84:Infinity:undefined:undefined:undefined:undefined":7,"s:81:2:84:Infinity":39,"s:82:3:82:Infinity":40,"s:83:3:83:Infinity":41,"s:86:2:86:Infinity":42,"s:89:1:89:Infinity":43,"f:92:22:92:37":7,"s:93:12:93:Infinity":44,"s:94:1:94:Infinity":45}}}
,"/home/hoang/workspace/hxio/globalping-ui/src/lib/server/monitors.ts": {"path":"/home/hoang/workspace/hxio/globalping-ui/src/lib/server/monitors.ts","statementMap":{"0":{"start":{"line":6,"column":23},"end":{"line":20,"column":null}},"1":{"start":{"line":22,"column":33},"end":{"line":28,"column":null}},"2":{"start":{"line":47,"column":1},"end":{"line":47,"column":null}},"3":{"start":{"line":47,"column":32},"end":{"line":47,"column":null}},"4":{"start":{"line":49,"column":20},"end":{"line":49,"column":null}},"5":{"start":{"line":49,"column":47},"end":{"line":49,"column":69}},"6":{"start":{"line":50,"column":1},"end":{"line":50,"column":null}},"7":{"start":{"line":54,"column":14},"end":{"line":54,"column":null}},"8":{"start":{"line":55,"column":1},"end":{"line":55,"column":null}},"9":{"start":{"line":56,"column":1},"end":{"line":56,"column":null}},"10":{"start":{"line":60,"column":14},"end":{"line":60,"column":null}},"11":{"start":{"line":61,"column":1},"end":{"line":61,"column":null}},"12":{"start":{"line":62,"column":1},"end":{"line":62,"column":null}},"13":{"start":{"line":66,"column":21},"end":{"line":66,"column":null}},"14":{"start":{"line":68,"column":28},"end":{"line":95,"column":null}},"15":{"start":{"line":70,"column":24},"end":{"line":70,"column":null}},"16":{"start":{"line":72,"column":30},"end":{"line":78,"column":null}},"17":{"start":{"line":80,"column":29},"end":{"line":80,"column":null}},"18":{"start":{"line":81,"column":51},"end":{"line":85,"column":null}},"19":{"start":{"line":87,"column":21},"end":{"line":87,"column":null}},"20":{"start":{"line":89,"column":3},"end":{"line":93,"column":null}},"21":{"start":{"line":97,"column":1},"end":{"line":97,"column":null}},"22":{"start":{"line":101,"column":24},"end":{"line":101,"column":null}},"23":{"start":{"line":103,"column":28},"end":{"line":141,"column":null}},"24":{"start":{"line":105,"column":24},"end":{"line":105,"column":null}},"25":{"start":{"line":106,"column":24},"end":{"line":106,"column":null}},"26":{"start":{"line":108,"column":30},"end":{"line":114,"column":null}},"27":{"start":{"line":116,"column":27},"end":{"line":120,"column":null}},"28":{"start":{"line":122,"column":29},"end":{"line":122,"column":null}},"29":{"start":{"line":123,"column":51},"end":{"line":127,"column":null}},"30":{"start":{"line":129,"column":21},"end":{"line":129,"column":null}},"31":{"start":{"line":131,"column":3},"end":{"line":139,"column":null}},"32":{"start":{"line":137,"column":56},"end":{"line":137,"column":73}},"33":{"start":{"line":143,"column":1},"end":{"line":143,"column":null}},"34":{"start":{"line":147,"column":17},"end":{"line":147,"column":null}},"35":{"start":{"line":149,"column":1},"end":{"line":151,"column":null}},"36":{"start":{"line":150,"column":2},"end":{"line":150,"column":null}},"37":{"start":{"line":153,"column":22},"end":{"line":153,"column":null}},"38":{"start":{"line":154,"column":22},"end":{"line":154,"column":null}},"39":{"start":{"line":156,"column":25},"end":{"line":160,"column":null}},"40":{"start":{"line":162,"column":25},"end":{"line":166,"column":null}},"41":{"start":{"line":168,"column":1},"end":{"line":173,"column":null}},"42":{"start":{"line":177,"column":19},"end":{"line":177,"column":null}},"43":{"start":{"line":179,"column":20},"end":{"line":189,"column":null}},"44":{"start":{"line":191,"column":1},"end":{"line":193,"column":null}},"45":{"start":{"line":192,"column":2},"end":{"line":192,"column":null}},"46":{"start":{"line":195,"column":1},"end":{"line":195,"column":null}},"47":{"start":{"line":199,"column":19},"end":{"line":199,"column":null}},"48":{"start":{"line":201,"column":17},"end":{"line":212,"column":null}},"49":{"start":{"line":214,"column":1},"end":{"line":216,"column":null}},"50":{"start":{"line":215,"column":2},"end":{"line":215,"column":null}},"51":{"start":{"line":218,"column":1},"end":{"line":218,"column":null}},"52":{"start":{"line":222,"column":1},"end":{"line":222,"column":null}},"53":{"start":{"line":226,"column":17},"end":{"line":226,"column":null}},"54":{"start":{"line":228,"column":1},"end":{"line":230,"column":null}},"55":{"start":{"line":229,"column":2},"end":{"line":229,"column":null}},"56":{"start":{"line":232,"column":17},"end":{"line":239,"column":null}},"57":{"start":{"line":241,"column":1},"end":{"line":243,"column":null}},"58":{"start":{"line":242,"column":2},"end":{"line":242,"column":null}},"59":{"start":{"line":245,"column":1},"end":{"line":245,"column":null}}},"fnMap":{"0":{"name":"calculateUptime","decl":{"start":{"line":46,"column":9},"end":{"line":46,"column":25}},"loc":{"start":{"line":46,"column":62},"end":{"line":51,"column":null}},"line":46},"1":{"name":"(anonymous_1)","decl":{"start":{"line":49,"column":40},"end":{"line":49,"column":41}},"loc":{"start":{"line":49,"column":47},"end":{"line":49,"column":69}},"line":49},"2":{"name":"getTimestamp24HoursAgo","decl":{"start":{"line":53,"column":9},"end":{"line":53,"column":42}},"loc":{"start":{"line":53,"column":42},"end":{"line":57,"column":null}},"line":53},"3":{"name":"getTimestamp30DaysAgo","decl":{"start":{"line":59,"column":9},"end":{"line":59,"column":41}},"loc":{"start":{"line":59,"column":41},"end":{"line":63,"column":null}},"line":59},"4":{"name":"getMonitors","decl":{"start":{"line":65,"column":22},"end":{"line":65,"column":66}},"loc":{"start":{"line":65,"column":66},"end":{"line":98,"column":null}},"line":65},"5":{"name":"(anonymous_5)","decl":{"start":{"line":69,"column":18},"end":{"line":69,"column":25}},"loc":{"start":{"line":69,"column":37},"end":{"line":94,"column":3}},"line":69},"6":{"name":"getPublicMonitors","decl":{"start":{"line":100,"column":22},"end":{"line":100,"column":72}},"loc":{"start":{"line":100,"column":72},"end":{"line":144,"column":null}},"line":100},"7":{"name":"(anonymous_7)","decl":{"start":{"line":104,"column":21},"end":{"line":104,"column":28}},"loc":{"start":{"line":104,"column":40},"end":{"line":140,"column":3}},"line":104},"8":{"name":"(anonymous_8)","decl":{"start":{"line":137,"column":44},"end":{"line":137,"column":45}},"loc":{"start":{"line":137,"column":56},"end":{"line":137,"column":73}},"line":137},"9":{"name":"getMonitorById","decl":{"start":{"line":146,"column":22},"end":{"line":146,"column":37}},"loc":{"start":{"line":146,"column":90},"end":{"line":174,"column":null}},"line":146},"10":{"name":"createMonitor","decl":{"start":{"line":176,"column":22},"end":{"line":176,"column":36}},"loc":{"start":{"line":176,"column":77},"end":{"line":196,"column":null}},"line":176},"11":{"name":"updateMonitor","decl":{"start":{"line":198,"column":22},"end":{"line":198,"column":36}},"loc":{"start":{"line":198,"column":89},"end":{"line":219,"column":null}},"line":198},"12":{"name":"deleteMonitor","decl":{"start":{"line":221,"column":22},"end":{"line":221,"column":36}},"loc":{"start":{"line":221,"column":63},"end":{"line":223,"column":null}},"line":221},"13":{"name":"toggleMonitorActive","decl":{"start":{"line":225,"column":22},"end":{"line":225,"column":42}},"loc":{"start":{"line":225,"column":72},"end":{"line":246,"column":null}},"line":225}},"branchMap":{"0":{"loc":{"start":{"line":47,"column":1},"end":{"line":47,"column":null}},"type":"if","locations":[{"start":{"line":47,"column":1},"end":{"line":47,"column":null}},{"start":{},"end":{}}],"line":47},"1":{"loc":{"start":{"line":81,"column":51},"end":{"line":85,"column":null}},"type":"cond-expr","locations":[{"start":{"line":82,"column":6},"end":{"line":84,"column":null}},{"start":{"line":85,"column":6},"end":{"line":85,"column":null}}],"line":81},"2":{"loc":{"start":{"line":82,"column":6},"end":{"line":84,"column":null}},"type":"cond-expr","locations":[{"start":{"line":83,"column":7},"end":{"line":83,"column":null}},{"start":{"line":84,"column":7},"end":{"line":84,"column":null}}],"line":82},"3":{"loc":{"start":{"line":123,"column":51},"end":{"line":127,"column":null}},"type":"cond-expr","locations":[{"start":{"line":124,"column":6},"end":{"line":126,"column":null}},{"start":{"line":127,"column":6},"end":{"line":127,"column":null}}],"line":123},"4":{"loc":{"start":{"line":124,"column":6},"end":{"line":126,"column":null}},"type":"cond-expr","locations":[{"start":{"line":125,"column":7},"end":{"line":125,"column":null}},{"start":{"line":126,"column":7},"end":{"line":126,"column":null}}],"line":124},"5":{"loc":{"start":{"line":136,"column":16},"end":{"line":138,"column":null}},"type":"cond-expr","locations":[{"start":{"line":137,"column":7},"end":{"line":137,"column":null}},{"start":{"line":138,"column":7},"end":{"line":138,"column":null}}],"line":136},"6":{"loc":{"start":{"line":149,"column":1},"end":{"line":151,"column":null}},"type":"if","locations":[{"start":{"line":149,"column":1},"end":{"line":151,"column":null}},{"start":{},"end":{}}],"line":149},"7":{"loc":{"start":{"line":149,"column":5},"end":{"line":149,"column":42}},"type":"binary-expr","locations":[{"start":{"line":149,"column":5},"end":{"line":149,"column":29}},{"start":{"line":149,"column":29},"end":{"line":149,"column":42}}],"line":149},"8":{"loc":{"start":{"line":186,"column":19},"end":{"line":186,"column":null}},"type":"binary-expr","locations":[{"start":{"line":186,"column":19},"end":{"line":186,"column":47}},{"start":{"line":186,"column":47},"end":{"line":186,"column":null}}],"line":186},"9":{"loc":{"start":{"line":191,"column":1},"end":{"line":193,"column":null}},"type":"if","locations":[{"start":{"line":191,"column":1},"end":{"line":193,"column":null}},{"start":{},"end":{}}],"line":191},"10":{"loc":{"start":{"line":208,"column":19},"end":{"line":208,"column":null}},"type":"binary-expr","locations":[{"start":{"line":208,"column":19},"end":{"line":208,"column":47}},{"start":{"line":208,"column":47},"end":{"line":208,"column":null}}],"line":208},"11":{"loc":{"start":{"line":214,"column":1},"end":{"line":216,"column":null}},"type":"if","locations":[{"start":{"line":214,"column":1},"end":{"line":216,"column":null}},{"start":{},"end":{}}],"line":214},"12":{"loc":{"start":{"line":214,"column":5},"end":{"line":214,"column":42}},"type":"binary-expr","locations":[{"start":{"line":214,"column":5},"end":{"line":214,"column":29}},{"start":{"line":214,"column":29},"end":{"line":214,"column":42}}],"line":214},"13":{"loc":{"start":{"line":228,"column":1},"end":{"line":230,"column":null}},"type":"if","locations":[{"start":{"line":228,"column":1},"end":{"line":230,"column":null}},{"start":{},"end":{}}],"line":228},"14":{"loc":{"start":{"line":228,"column":5},"end":{"line":228,"column":42}},"type":"binary-expr","locations":[{"start":{"line":228,"column":5},"end":{"line":228,"column":29}},{"start":{"line":228,"column":29},"end":{"line":228,"column":42}}],"line":228},"15":{"loc":{"start":{"line":241,"column":1},"end":{"line":243,"column":null}},"type":"if","locations":[{"start":{"line":241,"column":1},"end":{"line":243,"column":null}},{"start":{},"end":{}}],"line":241}},"s":{"0":1,"1":1,"2":0,"3":0,"4":0,"5":0,"6":0,"7":0,"8":0,"9":0,"10":0,"11":0,"12":0,"13":0,"14":0,"15":0,"16":0,"17":0,"18":0,"19":0,"20":0,"21":0,"22":0,"23":0,"24":0,"25":0,"26":0,"27":0,"28":0,"29":0,"30":0,"31":0,"32":0,"33":0,"34":0,"35":0,"36":0,"37":0,"38":0,"39":0,"40":0,"41":0,"42":0,"43":0,"44":0,"45":0,"46":0,"47":0,"48":0,"49":0,"50":0,"51":0,"52":0,"53":0,"54":0,"55":0,"56":0,"57":0,"58":0,"59":0},"f":{"0":0,"1":0,"2":0,"3":0,"4":0,"5":0,"6":0,"7":0,"8":0,"9":0,"10":0,"11":0,"12":0,"13":0},"b":{"0":[0,0],"1":[0,0],"2":[0,0],"3":[0,0],"4":[0,0],"5":[0,0],"6":[0,0],"7":[0,0],"8":[0,0],"9":[0,0],"10":[0,0],"11":[0,0],"12":[0,0],"13":[0,0],"14":[0,0],"15":[0,0]},"meta":{"lastBranch":16,"lastFunction":14,"lastStatement":60,"seen":{"s:6:23:20:Infinity":0,"s:22:33:28:Infinity":1,"f:46:9:46:25":0,"b:47:1:47:Infinity:undefined:undefined:undefined:undefined":0,"s:47:1:47:Infinity":2,"s:47:32:47:Infinity":3,"s:49:20:49:Infinity":4,"f:49:40:49:41":1,"s:49:47:49:69":5,"s:50:1:50:Infinity":6,"f:53:9:53:42":2,"s:54:14:54:Infinity":7,"s:55:1:55:Infinity":8,"s:56:1:56:Infinity":9,"f:59:9:59:41":3,"s:60:14:60:Infinity":10,"s:61:1:61:Infinity":11,"s:62:1:62:Infinity":12,"f:65:22:65:66":4,"s:66:21:66:Infinity":13,"s:68:28:95:Infinity":14,"f:69:18:69:25":5,"s:70:24:70:Infinity":15,"s:72:30:78:Infinity":16,"s:80:29:80:Infinity":17,"s:81:51:85:Infinity":18,"b:82:6:84:Infinity:85:6:85:Infinity":1,"b:83:7:83:Infinity:84:7:84:Infinity":2,"s:87:21:87:Infinity":19,"s:89:3:93:Infinity":20,"s:97:1:97:Infinity":21,"f:100:22:100:72":6,"s:101:24:101:Infinity":22,"s:103:28:141:Infinity":23,"f:104:21:104:28":7,"s:105:24:105:Infinity":24,"s:106:24:106:Infinity":25,"s:108:30:114:Infinity":26,"s:116:27:120:Infinity":27,"s:122:29:122:Infinity":28,"s:123:51:127:Infinity":29,"b:124:6:126:Infinity:127:6:127:Infinity":3,"b:125:7:125:Infinity:126:7:126:Infinity":4,"s:129:21:129:Infinity":30,"s:131:3:139:Infinity":31,"b:137:7:137:Infinity:138:7:138:Infinity":5,"f:137:44:137:45":8,"s:137:56:137:73":32,"s:143:1:143:Infinity":33,"f:146:22:146:37":9,"s:147:17:147:Infinity":34,"b:149:1:151:Infinity:undefined:undefined:undefined:undefined":6,"s:149:1:151:Infinity":35,"b:149:5:149:29:149:29:149:42":7,"s:150:2:150:Infinity":36,"s:153:22:153:Infinity":37,"s:154:22:154:Infinity":38,"s:156:25:160:Infinity":39,"s:162:25:166:Infinity":40,"s:168:1:173:Infinity":41,"f:176:22:176:36":10,"s:177:19:177:Infinity":42,"s:179:20:189:Infinity":43,"b:186:19:186:47:186:47:186:Infinity":8,"b:191:1:193:Infinity:undefined:undefined:undefined:undefined":9,"s:191:1:193:Infinity":44,"s:192:2:192:Infinity":45,"s:195:1:195:Infinity":46,"f:198:22:198:36":11,"s:199:19:199:Infinity":47,"s:201:17:212:Infinity":48,"b:208:19:208:47:208:47:208:Infinity":10,"b:214:1:216:Infinity:undefined:undefined:undefined:undefined":11,"s:214:1:216:Infinity":49,"b:214:5:214:29:214:29:214:42":12,"s:215:2:215:Infinity":50,"s:218:1:218:Infinity":51,"f:221:22:221:36":12,"s:222:1:222:Infinity":52,"f:225:22:225:42":13,"s:226:17:226:Infinity":53,"b:228:1:230:Infinity:undefined:undefined:undefined:undefined":13,"s:228:1:230:Infinity":54,"b:228:5:228:29:228:29:228:42":14,"s:229:2:229:Infinity":55,"s:232:17:239:Infinity":56,"b:241:1:243:Infinity:undefined:undefined:undefined:undefined":15,"s:241:1:243:Infinity":57,"s:242:2:242:Infinity":58,"s:245:1:245:Infinity":59}}}
}
